<?xml version="1.0" encoding="UTF-8"?>
<!-- Generated by org.testng.reporters.JUnitReportReporter -->
<testsuite skipped="0" hostname="NXT-LT004" name="tc001_ACME.TC001_FirstFlow" tests="1" failures="0" timestamp="12 Oct 2019 10:58:05 GMT" time="12.960" errors="0">
  <testcase name="EndToEndFlow" time="12.960" classname="tc001_ACME.TC001_FirstFlow"/>
</testsuite> <!-- tc001_ACME.TC001_FirstFlow -->
