<?xml version="1.0" encoding="UTF-8"?>
<!-- Generated by org.testng.reporters.JUnitReportReporter -->
<testsuite skipped="0" hostname="NXT-LT004" name="tc001_ACME.TC001_FirstFlow" tests="1" failures="0" timestamp="2019-10-12T16:18:03 IST" time="15.647" errors="0">
  <testcase name="EndToEndFlow" time="15.647" classname="tc001_ACME.TC001_FirstFlow"/>
</testsuite> <!-- tc001_ACME.TC001_FirstFlow -->
